mars 15, 2017 12:26:22 PM org.apache.catalina.core.AprLifecycleListener init
AVERTISSEMENT: The APR based Apache Tomcat Native library failed to load. The error reported was [C:\cmdbuild-portable\tomcat\bin\tcnative-1.dll: Can't load AMD 64-bit .dll on a IA 32-bit platform]
java.lang.UnsatisfiedLinkError: C:\cmdbuild-portable\tomcat\bin\tcnative-1.dll: Can't load AMD 64-bit .dll on a IA 32-bit platform
	at java.lang.ClassLoader$NativeLibrary.load(Native Method)
	at java.lang.ClassLoader.loadLibrary0(ClassLoader.java:1941)
	at java.lang.ClassLoader.loadLibrary(ClassLoader.java:1857)
	at java.lang.Runtime.loadLibrary0(Runtime.java:870)
	at java.lang.System.loadLibrary(System.java:1122)
	at org.apache.tomcat.jni.Library.<init>(Library.java:42)
	at org.apache.tomcat.jni.Library.initialize(Library.java:178)
	at org.apache.catalina.core.AprLifecycleListener.init(AprLifecycleListener.java:200)
	at org.apache.catalina.core.AprLifecycleListener.isAprAvailable(AprLifecycleListener.java:108)
	at org.apache.catalina.connector.Connector.setProtocol(Connector.java:592)
	at org.apache.catalina.connector.Connector.<init>(Connector.java:66)
	at org.apache.catalina.startup.ConnectorCreateRule.begin(ConnectorCreateRule.java:62)
	at org.apache.tomcat.util.digester.Digester.startElement(Digester.java:1303)
	at com.sun.org.apache.xerces.internal.parsers.AbstractSAXParser.startElement(AbstractSAXParser.java:509)
	at com.sun.org.apache.xerces.internal.parsers.AbstractXMLDocumentParser.emptyElement(AbstractXMLDocumentParser.java:182)
	at com.sun.org.apache.xerces.internal.impl.XMLDocumentFragmentScannerImpl.scanStartElement(XMLDocumentFragmentScannerImpl.java:1339)
	at com.sun.org.apache.xerces.internal.impl.XMLDocumentFragmentScannerImpl$FragmentContentDriver.next(XMLDocumentFragmentScannerImpl.java:2784)
	at com.sun.org.apache.xerces.internal.impl.XMLDocumentScannerImpl.next(XMLDocumentScannerImpl.java:602)
	at com.sun.org.apache.xerces.internal.impl.XMLDocumentFragmentScannerImpl.scanDocument(XMLDocumentFragmentScannerImpl.java:505)
	at com.sun.org.apache.xerces.internal.parsers.XML11Configuration.parse(XML11Configuration.java:841)
	at com.sun.org.apache.xerces.internal.parsers.XML11Configuration.parse(XML11Configuration.java:770)
	at com.sun.org.apache.xerces.internal.parsers.XMLParser.parse(XMLParser.java:141)
	at com.sun.org.apache.xerces.internal.parsers.AbstractSAXParser.parse(AbstractSAXParser.java:1213)
	at com.sun.org.apache.xerces.internal.jaxp.SAXParserImpl$JAXPSAXParser.parse(SAXParserImpl.java:643)
	at org.apache.tomcat.util.digester.Digester.parse(Digester.java:1576)
	at org.apache.catalina.startup.Catalina.load(Catalina.java:616)
	at org.apache.catalina.startup.Catalina.load(Catalina.java:667)
	at sun.reflect.NativeMethodAccessorImpl.invoke0(Native Method)
	at sun.reflect.NativeMethodAccessorImpl.invoke(NativeMethodAccessorImpl.java:62)
	at sun.reflect.DelegatingMethodAccessorImpl.invoke(DelegatingMethodAccessorImpl.java:43)
	at java.lang.reflect.Method.invoke(Method.java:498)
	at org.apache.catalina.startup.Bootstrap.load(Bootstrap.java:253)
	at org.apache.catalina.startup.Bootstrap.main(Bootstrap.java:427)

mars 15, 2017 12:26:22 PM org.apache.catalina.startup.VersionLoggerListener log
INFOS: Server version:        Apache Tomcat/7.0.75
mars 15, 2017 12:26:22 PM org.apache.catalina.startup.VersionLoggerListener log
INFOS: Server built:          Jan 18 2017 20:54:42 UTC
mars 15, 2017 12:26:22 PM org.apache.catalina.startup.VersionLoggerListener log
INFOS: Server number:         7.0.75.0
mars 15, 2017 12:26:22 PM org.apache.catalina.startup.VersionLoggerListener log
INFOS: OS Name:               Windows 7
mars 15, 2017 12:26:22 PM org.apache.catalina.startup.VersionLoggerListener log
INFOS: OS Version:            6.1
mars 15, 2017 12:26:22 PM org.apache.catalina.startup.VersionLoggerListener log
INFOS: Architecture:          x86
mars 15, 2017 12:26:22 PM org.apache.catalina.startup.VersionLoggerListener log
INFOS: Java Home:             C:\cmdbuild-portable\jdk
mars 15, 2017 12:26:22 PM org.apache.catalina.startup.VersionLoggerListener log
INFOS: JVM Version:           1.8.0_121-b13
mars 15, 2017 12:26:22 PM org.apache.catalina.startup.VersionLoggerListener log
INFOS: JVM Vendor:            Oracle Corporation
mars 15, 2017 12:26:22 PM org.apache.catalina.startup.VersionLoggerListener log
INFOS: CATALINA_BASE:         C:\cmdbuild-portable\tomcat
mars 15, 2017 12:26:22 PM org.apache.catalina.startup.VersionLoggerListener log
INFOS: CATALINA_HOME:         C:\cmdbuild-portable\tomcat
mars 15, 2017 12:26:22 PM org.apache.catalina.startup.VersionLoggerListener log
INFOS: Command line argument: -Djava.util.logging.config.file=C:\cmdbuild-portable\tomcat\conf\logging.properties
mars 15, 2017 12:26:22 PM org.apache.catalina.startup.VersionLoggerListener log
INFOS: Command line argument: -Djava.util.logging.manager=org.apache.juli.ClassLoaderLogManager
mars 15, 2017 12:26:22 PM org.apache.catalina.startup.VersionLoggerListener log
INFOS: Command line argument: -Djava.endorsed.dirs=C:\cmdbuild-portable\tomcat\endorsed
mars 15, 2017 12:26:22 PM org.apache.catalina.startup.VersionLoggerListener log
INFOS: Command line argument: -Dcatalina.base=C:\cmdbuild-portable\tomcat
mars 15, 2017 12:26:22 PM org.apache.catalina.startup.VersionLoggerListener log
INFOS: Command line argument: -Dcatalina.home=C:\cmdbuild-portable\tomcat
mars 15, 2017 12:26:22 PM org.apache.catalina.startup.VersionLoggerListener log
INFOS: Command line argument: -Djava.io.tmpdir=C:\cmdbuild-portable\tomcat\temp
mars 15, 2017 12:26:23 PM org.apache.coyote.AbstractProtocol init
INFOS: Initializing ProtocolHandler ["http-bio-8080"]
mars 15, 2017 12:26:23 PM org.apache.coyote.AbstractProtocol init
INFOS: Initializing ProtocolHandler ["ajp-bio-8009"]
mars 15, 2017 12:26:23 PM org.apache.catalina.startup.Catalina load
INFOS: Initialization processed in 559 ms
mars 15, 2017 12:26:23 PM org.apache.catalina.core.StandardService startInternal
INFOS: Démarrage du service Catalina
mars 15, 2017 12:26:23 PM org.apache.catalina.core.StandardEngine startInternal
INFOS: Starting Servlet Engine: Apache Tomcat/7.0.75
mars 15, 2017 12:26:23 PM org.apache.catalina.startup.HostConfig deployDirectory
INFOS: Déploiement du répertoire C:\cmdbuild-portable\tomcat\webapps\host-manager de l'application web
mars 15, 2017 12:26:23 PM org.apache.catalina.startup.TldConfig execute
INFOS: At least one JAR was scanned for TLDs yet contained no TLDs. Enable debug logging for this logger for a complete list of JARs that were scanned but no TLDs were found in them. Skipping unneeded JARs during scanning can improve startup time and JSP compilation time.
mars 15, 2017 12:26:23 PM org.apache.catalina.util.SessionIdGeneratorBase createSecureRandom
INFOS: Creation of SecureRandom instance for session ID generation using [SHA1PRNG] took [141] milliseconds.
mars 15, 2017 12:26:23 PM org.apache.catalina.startup.HostConfig deployDirectory
INFOS: Deployment of web application directory C:\cmdbuild-portable\tomcat\webapps\host-manager has finished in 455 ms
mars 15, 2017 12:26:23 PM org.apache.catalina.startup.HostConfig deployDirectory
INFOS: Déploiement du répertoire C:\cmdbuild-portable\tomcat\webapps\manager de l'application web
mars 15, 2017 12:26:23 PM org.apache.catalina.startup.TldConfig execute
INFOS: At least one JAR was scanned for TLDs yet contained no TLDs. Enable debug logging for this logger for a complete list of JARs that were scanned but no TLDs were found in them. Skipping unneeded JARs during scanning can improve startup time and JSP compilation time.
mars 15, 2017 12:26:23 PM org.apache.catalina.startup.HostConfig deployDirectory
INFOS: Deployment of web application directory C:\cmdbuild-portable\tomcat\webapps\manager has finished in 79 ms
mars 15, 2017 12:26:23 PM org.apache.catalina.startup.HostConfig deployDirectory
INFOS: Déploiement du répertoire C:\cmdbuild-portable\tomcat\webapps\ROOT de l'application web
mars 15, 2017 12:26:31 PM org.apache.catalina.startup.TldConfig execute
INFOS: At least one JAR was scanned for TLDs yet contained no TLDs. Enable debug logging for this logger for a complete list of JARs that were scanned but no TLDs were found in them. Skipping unneeded JARs during scanning can improve startup time and JSP compilation time.
mars 15, 2017 12:26:38 PM org.apache.catalina.startup.HostConfig deployDirectory
INFOS: Deployment of web application directory C:\cmdbuild-portable\tomcat\webapps\ROOT has finished in 14 486 ms
mars 15, 2017 12:26:38 PM org.apache.coyote.AbstractProtocol start
INFOS: Starting ProtocolHandler ["http-bio-8080"]
mars 15, 2017 12:26:38 PM org.apache.coyote.AbstractProtocol start
INFOS: Starting ProtocolHandler ["ajp-bio-8009"]
mars 15, 2017 12:26:38 PM org.apache.catalina.startup.Catalina start
INFOS: Server startup in 15101 ms
mars 15, 2017 12:26:45 PM org.apache.tomcat.util.http.Cookies processCookieHeader
INFOS: Cookies: Invalid cookie. Value not a token or quoted value
 Note: further occurrences of Cookie errors will be logged at DEBUG level.
mars 15, 2017 12:26:45 PM org.apache.jasper.compiler.TldLocationsCache tldScanJar
INFOS: At least one JAR was scanned for TLDs yet contained no TLDs. Enable debug logging for this logger for a complete list of JARs that were scanned but no TLDs were found in them. Skipping unneeded JARs during scanning can improve startup time and JSP compilation time.
